<?xml version="1.0" encoding="UTF-8"?>
<testng-results ignored="0" total="1" passed="1" failed="0" skipped="0">
  <reporter-output>
  </reporter-output>
  <suite started-at="2024-09-16T13:48:51 IST" name="Default suite" finished-at="2024-09-16T13:51:07 IST" duration-ms="136088">
    <groups>
    </groups>
    <test started-at="2024-09-16T13:48:51 IST" name="Default test" finished-at="2024-09-16T13:51:07 IST" duration-ms="136088">
      <class name="mobileautomation.eCommerce_tc_3">
        <test-method is-config="true" signature="configureAppium()[pri:0, instance:mobileautomation.eCommerce_tc_3@26d9b808]" started-at="2024-09-16T13:48:51 IST" name="configureAppium" finished-at="2024-09-16T13:50:25 IST" duration-ms="93699" status="PASS">
          <reporter-output>
          </reporter-output>
        </test-method> <!-- configureAppium -->
        <test-method signature="FillForm()[pri:0, instance:mobileautomation.eCommerce_tc_3@26d9b808]" started-at="2024-09-16T13:50:25 IST" name="FillForm" finished-at="2024-09-16T13:51:01 IST" duration-ms="35844" status="PASS">
          <reporter-output>
          </reporter-output>
        </test-method> <!-- FillForm -->
        <test-method is-config="true" signature="tearDown()[pri:0, instance:mobileautomation.eCommerce_tc_3@26d9b808]" started-at="2024-09-16T13:51:01 IST" name="tearDown" finished-at="2024-09-16T13:51:07 IST" duration-ms="6295" status="PASS">
          <reporter-output>
          </reporter-output>
        </test-method> <!-- tearDown -->
      </class> <!-- mobileautomation.eCommerce_tc_3 -->
    </test> <!-- Default test -->
  </suite> <!-- Default suite -->
</testng-results>
