<?xml version="1.0" encoding="UTF-8"?>
<testng-results ignored="0" total="1" passed="1" failed="0" skipped="0">
  <reporter-output>
  </reporter-output>
  <suite started-at="2024-06-21T21:37:06 IST" name="Default suite" finished-at="2024-06-21T21:38:02 IST" duration-ms="56155">
    <groups>
    </groups>
    <test started-at="2024-06-21T21:37:06 IST" name="Default test" finished-at="2024-06-21T21:38:02 IST" duration-ms="56155">
      <class name="mobileautomation.MiscellaneousActions">
        <test-method is-config="true" signature="configureAppium()[pri:0, instance:mobileautomation.MiscellaneousActions@298a5e20]" started-at="2024-06-21T21:37:06 IST" name="configureAppium" finished-at="2024-06-21T21:37:32 IST" duration-ms="25996" status="PASS">
          <reporter-output>
          </reporter-output>
        </test-method> <!-- configureAppium -->
        <test-method signature="miscellaneousActivities()[pri:0, instance:mobileautomation.MiscellaneousActions@298a5e20]" started-at="2024-06-21T21:37:32 IST" name="miscellaneousActivities" finished-at="2024-06-21T21:37:57 IST" duration-ms="25307" status="PASS">
          <reporter-output>
          </reporter-output>
        </test-method> <!-- miscellaneousActivities -->
        <test-method is-config="true" signature="tearDown()[pri:0, instance:mobileautomation.MiscellaneousActions@298a5e20]" started-at="2024-06-21T21:37:57 IST" name="tearDown" finished-at="2024-06-21T21:38:02 IST" duration-ms="4719" status="PASS">
          <reporter-output>
          </reporter-output>
        </test-method> <!-- tearDown -->
      </class> <!-- mobileautomation.MiscellaneousActions -->
    </test> <!-- Default test -->
  </suite> <!-- Default suite -->
</testng-results>
